<?xml version="1.0" encoding="UTF-8"?>
<testng-results skipped="0" failed="1" ignored="0" total="5" passed="4">
  <reporter-output>
  </reporter-output>
  <suite name="Command line suite" duration-ms="63733" started-at="2022-01-18T02:01:34Z" finished-at="2022-01-18T02:02:37Z">
    <groups>
    </groups>
    <test name="Command line test" duration-ms="63733" started-at="2022-01-18T02:01:34Z" finished-at="2022-01-18T02:02:37Z">
      <class name="com.crm.tests.HomePageTest">
        <test-method status="PASS" signature="setUp()[pri:0, instance:com.crm.tests.HomePageTest@2ef9b8bc]" name="setUp" is-config="true" duration-ms="9889" started-at="2022-01-18T02:01:34Z" finished-at="2022-01-18T02:01:44Z">
          <reporter-output>
          </reporter-output>
        </test-method> <!-- setUp -->
        <test-method status="FAIL" signature="SelectAllDepartTest()[pri:0, instance:com.crm.tests.HomePageTest@2ef9b8bc]" name="SelectAllDepartTest" duration-ms="27132" started-at="2022-01-18T02:01:44Z" finished-at="2022-01-18T02:02:11Z">
          <exception class="org.openqa.selenium.NoSuchElementException">
            <message>
              <![CDATA[no such element: Unable to locate element: {"method":"link text","selector":"Women’s Push Up Bra Floral Lace Padded Underwire Bra Demi Plunge"}
  (Session info: chrome=97.0.4692.71)
For documentation on this error, please visit: https://www.seleniumhq.org/exceptions/no_such_element.html
Build info: version: '3.141.59', revision: 'e82be7d358', time: '2018-11-14T08:17:03'
System info: host: 'DESKTOP-5GI3OCP', ip: '10.0.0.39', os.name: 'Windows 10', os.arch: 'amd64', os.version: '10.0', java.version: '1.8.0_281'
Driver info: org.openqa.selenium.chrome.ChromeDriver
Capabilities {acceptInsecureCerts: false, browserName: chrome, browserVersion: 97.0.4692.71, chrome: {chromedriverVersion: 96.0.4664.45 (76e4c1bb2ab46..., userDataDir: C:\Users\patel\AppData\Loca...}, goog:chromeOptions: {debuggerAddress: localhost:63832}, javascriptEnabled: true, networkConnectionEnabled: false, pageLoadStrategy: normal, platform: WINDOWS, platformName: WINDOWS, proxy: Proxy(), setWindowRect: true, strictFileInteractability: false, timeouts: {implicit: 0, pageLoad: 300000, script: 30000}, unhandledPromptBehavior: dismiss and notify, webauthn:extension:credBlob: true, webauthn:extension:largeBlob: true, webauthn:virtualAuthenticators: true}
Session ID: 26153bada08b67f43bb9f29e3c03b7b2
*** Element info: {Using=link text, value=Women’s Push Up Bra Floral Lace Padded Underwire Bra Demi Plunge}]]>
            </message>
            <full-stacktrace>
              <![CDATA[org.openqa.selenium.NoSuchElementException: no such element: Unable to locate element: {"method":"link text","selector":"Women’s Push Up Bra Floral Lace Padded Underwire Bra Demi Plunge"}
  (Session info: chrome=97.0.4692.71)
For documentation on this error, please visit: https://www.seleniumhq.org/exceptions/no_such_element.html
Build info: version: '3.141.59', revision: 'e82be7d358', time: '2018-11-14T08:17:03'
System info: host: 'DESKTOP-5GI3OCP', ip: '10.0.0.39', os.name: 'Windows 10', os.arch: 'amd64', os.version: '10.0', java.version: '1.8.0_281'
Driver info: org.openqa.selenium.chrome.ChromeDriver
Capabilities {acceptInsecureCerts: false, browserName: chrome, browserVersion: 97.0.4692.71, chrome: {chromedriverVersion: 96.0.4664.45 (76e4c1bb2ab46..., userDataDir: C:\Users\patel\AppData\Loca...}, goog:chromeOptions: {debuggerAddress: localhost:63832}, javascriptEnabled: true, networkConnectionEnabled: false, pageLoadStrategy: normal, platform: WINDOWS, platformName: WINDOWS, proxy: Proxy(), setWindowRect: true, strictFileInteractability: false, timeouts: {implicit: 0, pageLoad: 300000, script: 30000}, unhandledPromptBehavior: dismiss and notify, webauthn:extension:credBlob: true, webauthn:extension:largeBlob: true, webauthn:virtualAuthenticators: true}
Session ID: 26153bada08b67f43bb9f29e3c03b7b2
*** Element info: {Using=link text, value=Women’s Push Up Bra Floral Lace Padded Underwire Bra Demi Plunge}
at sun.reflect.NativeConstructorAccessorImpl.newInstance0(Native Method)
at sun.reflect.NativeConstructorAccessorImpl.newInstance(NativeConstructorAccessorImpl.java:62)
at sun.reflect.DelegatingConstructorAccessorImpl.newInstance(DelegatingConstructorAccessorImpl.java:45)
at java.lang.reflect.Constructor.newInstance(Constructor.java:423)
at org.openqa.selenium.remote.http.W3CHttpResponseCodec.createException(W3CHttpResponseCodec.java:187)
at org.openqa.selenium.remote.http.W3CHttpResponseCodec.decode(W3CHttpResponseCodec.java:122)
at org.openqa.selenium.remote.http.W3CHttpResponseCodec.decode(W3CHttpResponseCodec.java:49)
at org.openqa.selenium.remote.HttpCommandExecutor.execute(HttpCommandExecutor.java:158)
at org.openqa.selenium.remote.service.DriverCommandExecutor.execute(DriverCommandExecutor.java:83)
at org.openqa.selenium.remote.RemoteWebDriver.execute(RemoteWebDriver.java:552)
at org.openqa.selenium.remote.RemoteWebDriver.findElement(RemoteWebDriver.java:323)
at org.openqa.selenium.remote.RemoteWebDriver.findElementByLinkText(RemoteWebDriver.java:380)
at org.openqa.selenium.By$ByLinkText.findElement(By.java:220)
at org.openqa.selenium.remote.RemoteWebDriver.findElement(RemoteWebDriver.java:315)
at com.crm.pages.HomePage.SelectAllDeprt(HomePage.java:38)
at com.crm.tests.HomePageTest.SelectAllDepartTest(HomePageTest.java:35)
at sun.reflect.NativeMethodAccessorImpl.invoke0(Native Method)
at sun.reflect.NativeMethodAccessorImpl.invoke(NativeMethodAccessorImpl.java:62)
at sun.reflect.DelegatingMethodAccessorImpl.invoke(DelegatingMethodAccessorImpl.java:43)
at java.lang.reflect.Method.invoke(Method.java:498)
at org.testng.internal.MethodInvocationHelper.invokeMethod(MethodInvocationHelper.java:124)
at org.testng.internal.Invoker.invokeMethod(Invoker.java:583)
at org.testng.internal.Invoker.invokeTestMethod(Invoker.java:719)
at org.testng.internal.Invoker.invokeTestMethods(Invoker.java:989)
at org.testng.internal.TestMethodWorker.invokeTestMethods(TestMethodWorker.java:125)
at org.testng.internal.TestMethodWorker.run(TestMethodWorker.java:109)
at org.testng.TestRunner.privateRun(TestRunner.java:648)
at org.testng.TestRunner.run(TestRunner.java:505)
at org.testng.SuiteRunner.runTest(SuiteRunner.java:455)
at org.testng.SuiteRunner.runSequentially(SuiteRunner.java:450)
at org.testng.SuiteRunner.privateRun(SuiteRunner.java:415)
at org.testng.SuiteRunner.run(SuiteRunner.java:364)
at org.testng.SuiteRunnerWorker.runSuite(SuiteRunnerWorker.java:52)
at org.testng.SuiteRunnerWorker.run(SuiteRunnerWorker.java:84)
at org.testng.TestNG.runSuitesSequentially(TestNG.java:1208)
at org.testng.TestNG.runSuitesLocally(TestNG.java:1137)
at org.testng.TestNG.runSuites(TestNG.java:1049)
at org.testng.TestNG.run(TestNG.java:1017)
at org.apache.maven.surefire.testng.TestNGExecutor.run(TestNGExecutor.java:77)
at org.apache.maven.surefire.testng.TestNGDirectoryTestSuite.executeMulti(TestNGDirectoryTestSuite.java:159)
at org.apache.maven.surefire.testng.TestNGDirectoryTestSuite.execute(TestNGDirectoryTestSuite.java:99)
at org.apache.maven.surefire.testng.TestNGProvider.invoke(TestNGProvider.java:106)
at sun.reflect.NativeMethodAccessorImpl.invoke0(Native Method)
at sun.reflect.NativeMethodAccessorImpl.invoke(NativeMethodAccessorImpl.java:62)
at sun.reflect.DelegatingMethodAccessorImpl.invoke(DelegatingMethodAccessorImpl.java:43)
at java.lang.reflect.Method.invoke(Method.java:498)
at org.apache.maven.surefire.util.ReflectionUtils.invokeMethodWithArray(ReflectionUtils.java:189)
at org.apache.maven.surefire.booter.ProviderFactory$ProviderProxy.invoke(ProviderFactory.java:165)
at org.apache.maven.surefire.booter.ProviderFactory.invokeProvider(ProviderFactory.java:85)
at org.apache.maven.surefire.booter.ForkedBooter.runSuitesInProcess(ForkedBooter.java:115)
at org.apache.maven.surefire.booter.ForkedBooter.main(ForkedBooter.java:75)
]]>
            </full-stacktrace>
          </exception> <!-- org.openqa.selenium.NoSuchElementException -->
          <reporter-output>
          </reporter-output>
        </test-method> <!-- SelectAllDepartTest -->
        <test-method status="PASS" signature="tearDown()[pri:0, instance:com.crm.tests.HomePageTest@2ef9b8bc]" name="tearDown" is-config="true" duration-ms="748" started-at="2022-01-18T02:02:11Z" finished-at="2022-01-18T02:02:11Z">
          <reporter-output>
          </reporter-output>
        </test-method> <!-- tearDown -->
        <test-method status="PASS" signature="setUp()[pri:0, instance:com.crm.tests.HomePageTest@2ef9b8bc]" name="setUp" is-config="true" duration-ms="8290" started-at="2022-01-18T02:02:11Z" finished-at="2022-01-18T02:02:20Z">
          <reporter-output>
          </reporter-output>
        </test-method> <!-- setUp -->
        <test-method status="PASS" signature="VerifyLogoTest()[pri:0, instance:com.crm.tests.HomePageTest@2ef9b8bc]" name="VerifyLogoTest" duration-ms="245" started-at="2022-01-18T02:02:20Z" finished-at="2022-01-18T02:02:20Z">
          <reporter-output>
          </reporter-output>
        </test-method> <!-- VerifyLogoTest -->
        <test-method status="PASS" signature="tearDown()[pri:0, instance:com.crm.tests.HomePageTest@2ef9b8bc]" name="tearDown" is-config="true" duration-ms="761" started-at="2022-01-18T02:02:20Z" finished-at="2022-01-18T02:02:21Z">
          <reporter-output>
          </reporter-output>
        </test-method> <!-- tearDown -->
      </class> <!-- com.crm.tests.HomePageTest -->
      <class name="com.crm.tests.LoginPageTest">
        <test-method status="PASS" signature="setUp()[pri:0, instance:com.crm.tests.LoginPageTest@5d624da6]" name="setUp" is-config="true" duration-ms="2582" started-at="2022-01-18T02:02:21Z" finished-at="2022-01-18T02:02:23Z">
          <reporter-output>
          </reporter-output>
        </test-method> <!-- setUp -->
        <test-method status="PASS" signature="LoginPageTitleTest()[pri:0, instance:com.crm.tests.LoginPageTest@5d624da6]" name="LoginPageTitleTest" duration-ms="12" started-at="2022-01-18T02:02:23Z" finished-at="2022-01-18T02:02:23Z">
          <reporter-output>
          </reporter-output>
        </test-method> <!-- LoginPageTitleTest -->
        <test-method status="PASS" signature="tearDown()[pri:0, instance:com.crm.tests.LoginPageTest@5d624da6]" name="tearDown" is-config="true" duration-ms="695" started-at="2022-01-18T02:02:23Z" finished-at="2022-01-18T02:02:24Z">
          <reporter-output>
          </reporter-output>
        </test-method> <!-- tearDown -->
        <test-method status="PASS" signature="setUp()[pri:0, instance:com.crm.tests.LoginPageTest@5d624da6]" name="setUp" is-config="true" duration-ms="2435" started-at="2022-01-18T02:02:24Z" finished-at="2022-01-18T02:02:26Z">
          <reporter-output>
          </reporter-output>
        </test-method> <!-- setUp -->
        <test-method status="PASS" signature="LoginTest()[pri:0, instance:com.crm.tests.LoginPageTest@5d624da6]" name="LoginTest" duration-ms="6014" started-at="2022-01-18T02:02:26Z" finished-at="2022-01-18T02:02:32Z">
          <reporter-output>
          </reporter-output>
        </test-method> <!-- LoginTest -->
        <test-method status="PASS" signature="tearDown()[pri:0, instance:com.crm.tests.LoginPageTest@5d624da6]" name="tearDown" is-config="true" duration-ms="712" started-at="2022-01-18T02:02:32Z" finished-at="2022-01-18T02:02:33Z">
          <reporter-output>
          </reporter-output>
        </test-method> <!-- tearDown -->
        <test-method status="PASS" signature="setUp()[pri:0, instance:com.crm.tests.LoginPageTest@5d624da6]" name="setUp" is-config="true" duration-ms="2690" started-at="2022-01-18T02:02:33Z" finished-at="2022-01-18T02:02:36Z">
          <reporter-output>
          </reporter-output>
        </test-method> <!-- setUp -->
        <test-method status="PASS" signature="verifyPrivacyLinkTest()[pri:0, instance:com.crm.tests.LoginPageTest@5d624da6]" name="verifyPrivacyLinkTest" duration-ms="720" started-at="2022-01-18T02:02:36Z" finished-at="2022-01-18T02:02:37Z">
          <reporter-output>
          </reporter-output>
        </test-method> <!-- verifyPrivacyLinkTest -->
        <test-method status="PASS" signature="tearDown()[pri:0, instance:com.crm.tests.LoginPageTest@5d624da6]" name="tearDown" is-config="true" duration-ms="751" started-at="2022-01-18T02:02:37Z" finished-at="2022-01-18T02:02:37Z">
          <reporter-output>
          </reporter-output>
        </test-method> <!-- tearDown -->
      </class> <!-- com.crm.tests.LoginPageTest -->
    </test> <!-- Command line test -->
  </suite> <!-- Command line suite -->
</testng-results>
